2024-09-24 01:21:46,664 [NonParallelWorker] ERROR SpecFlowProject1.StepDefinitions.Feature1StepDefinition - An error occurred during search
OpenQA.Selenium.NoSuchElementException: no such element: Unable to locate element: {"method":"css selector","selector":"*[name ="search_query"]"}
  (Session info: chrome=129.0.6668.58); For documentation on this error, please visit: https://www.selenium.dev/documentation/webdriver/troubleshooting/errors#no-such-element-exception
   at OpenQA.Selenium.WebDriver.UnpackAndThrowOnError(Response errorResponse, String commandToExecute)
   at OpenQA.Selenium.WebDriver.Execute(String driverCommandToExecute, Dictionary`2 parameters)
   at OpenQA.Selenium.WebDriver.FindElement(String mechanism, String value)
   at OpenQA.Selenium.By.<.ctor>b__11_0(ISearchContext context)
   at OpenQA.Selenium.By.FindElement(ISearchContext context)
   at OpenQA.Selenium.WebDriver.FindElement(By by)
   at SpecFlowProject1.StepDefinitions.Feature1StepDefinition.WhenSearchTestersTalk() in D:\Log4Net_New\Portfolio Historical Trend Page\SpecFlowProject1\StepDefinitions\Feature1StepDefinition.cs:line 41
2024-09-24 01:24:44,666 [NonParallelWorker] ERROR SpecFlowProject1.StepDefinitions.Feature1StepDefinition - An error occurred during search
OpenQA.Selenium.NoSuchElementException: no such element: Unable to locate element: {"method":"css selector","selector":"*[name ="search_query"]"}
  (Session info: chrome=129.0.6668.58); For documentation on this error, please visit: https://www.selenium.dev/documentation/webdriver/troubleshooting/errors#no-such-element-exception
   at OpenQA.Selenium.WebDriver.UnpackAndThrowOnError(Response errorResponse, String commandToExecute)
   at OpenQA.Selenium.WebDriver.Execute(String driverCommandToExecute, Dictionary`2 parameters)
   at OpenQA.Selenium.WebDriver.FindElement(String mechanism, String value)
   at OpenQA.Selenium.By.<.ctor>b__11_0(ISearchContext context)
   at OpenQA.Selenium.By.FindElement(ISearchContext context)
   at OpenQA.Selenium.WebDriver.FindElement(By by)
   at SpecFlowProject1.StepDefinitions.Feature1StepDefinition.WhenSearchTestersTalk() in D:\Log4Net_New\Portfolio Historical Trend Page\SpecFlowProject1\StepDefinitions\Feature1StepDefinition.cs:line 41
